Round 0
ELECTION WINNER IS 3(7)  !!!!!
Active nodes where: 1(3), 2(2), 3(7), 4(4), 
0   3   2   7   4   5   1   6   
0   1   1   1   1   0   0   0   
______________________________
Round 1
ELECTION WINNER IS 7(6)  !!!!!
Active nodes where: 0(2), 1(0), 2(1), 5(4), 7(6), 
2   0   1   3   7   4   5   6   
1   1   1   0   0   1   0   1   
______________________________
Round 2
ELECTION WINNER IS 0(7)  !!!!!
Active nodes where: 0(7), 1(6), 2(0), 3(5), 4(3), 5(4), 6(2), 7(1), 
7   6   0   5   3   4   2   1   
1   1   1   1   1   1   1   1   
______________________________
Round 3
ELECTION WINNER IS 4(7)  !!!!!
Active nodes where: 1(0), 2(5), 3(6), 4(7), 5(3), 6(4), 7(2), 
1   0   5   6   7   3   4   2   
0   1   1   1   1   1   1   1   
______________________________
Round 4
ELECTION WINNER IS 5(7)  !!!!!
Active nodes where: 0(5), 2(3), 3(0), 4(4), 5(7), 6(6), 7(1), 
5   2   3   0   4   7   6   1   
1   0   1   1   1   1   1   1   
______________________________
Round 5
ELECTION WINNER IS 0(7)  !!!!!
Active nodes where: 0(7), 1(6), 2(4), 3(1), 5(5), 7(2), 
7   6   4   1   3   5   0   2   
1   1   1   1   0   1   0   1   
______________________________
Round 6
ELECTION WINNER IS 4(7)  !!!!!
Active nodes where: 1(6), 2(0), 3(2), 4(7), 5(3), 6(5), 
4   6   0   2   7   3   5   1   
0   1   1   1   1   1   1   0   
______________________________
Round 7
ELECTION WINNER IS 6(7)  !!!!!
Active nodes where: 0(0), 2(3), 4(5), 5(6), 6(7), 7(2), 
0   4   3   1   5   6   7   2   
1   0   1   0   1   1   1   1   
______________________________
Round 8
ELECTION WINNER IS 5(6)  !!!!!
Active nodes where: 3(2), 5(6), 7(4), 
0   7   1   2   5   6   3   4   
0   0   0   1   0   1   0   1   
______________________________
Round 9
ELECTION WINNER IS 1(6)  !!!!!
Active nodes where: 1(6), 3(5), 5(3), 6(4), 7(1), 
0   6   2   5   7   3   4   1   
0   1   0   1   0   1   1   1   
______________________________
Took: 0.00678522 seconds
